<?xml version="1.0" encoding="UTF-8"?>
<!-- Generated by org.testng.reporters.JUnitReportReporter -->
<testsuite hostname="DESKTOP-A8DG1E5" failures="0" tests="3" name="jsonPractice.TestNgParameterization" time="3.037" errors="0" timestamp="2024-02-08T00:32:03 IST" skipped="0">
  <testcase classname="jsonPractice.TestNgParameterization" name="AddBook" time="0.256"/>
  <testcase classname="jsonPractice.TestNgParameterization" name="AddBook" time="2.527"/>
  <testcase classname="jsonPractice.TestNgParameterization" name="AddBook" time="0.254"/>
</testsuite> <!-- jsonPractice.TestNgParameterization -->
